2021-06-09 16:59:53,241 [1] INFO Microsoft.Hosting.Lifetime - Application started. Press Ctrl+C to shut down.
2021-06-09 16:59:53,306 [1] INFO Microsoft.Hosting.Lifetime - Hosting environment: Development
2021-06-09 16:59:53,313 [1] INFO Microsoft.Hosting.Lifetime - Content root path: G:\suyash_docs\CTS_MCA\Internship\MFPE\MedicalRepresentativeSchedule
2021-06-09 16:59:53,862 [5] INFO MedicalRepresentativeSchedule.Services.ScheduleRepo - Data is read from CSV
2021-06-09 16:59:53,875 [5] INFO MedicalRepresentativeSchedule.Services.ScheduleRepo - Data is read from CSV
2021-06-09 17:01:54,410 [1] INFO Microsoft.Hosting.Lifetime - Application started. Press Ctrl+C to shut down.
2021-06-09 17:01:54,436 [1] INFO Microsoft.Hosting.Lifetime - Hosting environment: Development
2021-06-09 17:01:54,449 [1] INFO Microsoft.Hosting.Lifetime - Content root path: G:\suyash_docs\CTS_MCA\Internship\MFPE\MedicalRepresentativeSchedule
2021-06-09 17:01:54,849 [5] INFO MedicalRepresentativeSchedule.Services.ScheduleRepo - Data is read from CSV
2021-06-09 17:01:54,852 [5] INFO MedicalRepresentativeSchedule.Services.ScheduleRepo - Data is read from CSV
2021-06-09 17:02:34,541 [1] INFO Microsoft.Hosting.Lifetime - Application started. Press Ctrl+C to shut down.
2021-06-09 17:02:34,580 [1] INFO Microsoft.Hosting.Lifetime - Hosting environment: Development
2021-06-09 17:02:34,589 [1] INFO Microsoft.Hosting.Lifetime - Content root path: G:\suyash_docs\CTS_MCA\Internship\MFPE\MedicalRepresentativeSchedule
2021-06-09 17:03:33,064 [1] INFO Microsoft.Hosting.Lifetime - Application started. Press Ctrl+C to shut down.
2021-06-09 17:03:33,096 [1] INFO Microsoft.Hosting.Lifetime - Hosting environment: Development
2021-06-09 17:03:33,100 [1] INFO Microsoft.Hosting.Lifetime - Content root path: G:\suyash_docs\CTS_MCA\Internship\MFPE\MedicalRepresentativeSchedule
2021-06-09 17:03:33,742 [5] ERROR MedicalRepresentativeSchedule.Services.ScheduleRepo - No Meetings Scheduled
2021-06-09 17:08:35,564 [1] INFO Microsoft.Hosting.Lifetime - Application started. Press Ctrl+C to shut down.
2021-06-09 17:08:35,695 [1] INFO Microsoft.Hosting.Lifetime - Hosting environment: Development
2021-06-09 17:08:35,723 [1] INFO Microsoft.Hosting.Lifetime - Content root path: G:\suyash_docs\CTS_MCA\Internship\MFPE\MedicalRepresentativeSchedule
2021-06-09 17:08:35,947 [4] ERROR MedicalRepresentativeSchedule.Services.ScheduleRepo - No Meetings Scheduled
2021-06-09 17:20:29,310 [1] INFO Microsoft.Hosting.Lifetime - Application started. Press Ctrl+C to shut down.
2021-06-09 17:20:29,366 [1] INFO Microsoft.Hosting.Lifetime - Hosting environment: Development
2021-06-09 17:20:29,384 [1] INFO Microsoft.Hosting.Lifetime - Content root path: G:\suyash_docs\CTS_MCA\Internship\MFPE\MedicalRepresentativeSchedule
2021-06-09 17:20:30,216 [9] ERROR MedicalRepresentativeSchedule.Services.ScheduleRepo - No Meetings Scheduled
2021-06-09 17:21:05,633 [9] ERROR MedicalRepresentativeSchedule.Controllers.RepScheduleController - List is null
2021-06-09 17:22:39,088 [1] INFO Microsoft.Hosting.Lifetime - Application started. Press Ctrl+C to shut down.
2021-06-09 17:22:39,117 [1] INFO Microsoft.Hosting.Lifetime - Hosting environment: Development
2021-06-09 17:22:39,123 [1] INFO Microsoft.Hosting.Lifetime - Content root path: G:\suyash_docs\CTS_MCA\Internship\MFPE\MedicalRepresentativeSchedule
2021-06-09 17:22:39,389 [4] ERROR MedicalRepresentativeSchedule.Services.ScheduleRepo - No Meetings Scheduled
2021-06-09 17:22:39,394 [4] ERROR MedicalRepresentativeSchedule.Controllers.RepScheduleController - List is Null
2021-06-09 17:24:06,289 [1] INFO Microsoft.Hosting.Lifetime - Application started. Press Ctrl+C to shut down.
2021-06-09 17:24:06,334 [1] INFO Microsoft.Hosting.Lifetime - Hosting environment: Development
2021-06-09 17:24:06,365 [1] INFO Microsoft.Hosting.Lifetime - Content root path: G:\suyash_docs\CTS_MCA\Internship\MFPE\MedicalRepresentativeSchedule
2021-06-09 17:24:06,931 [9] ERROR MedicalRepresentativeSchedule.Services.ScheduleRepo - No Meetings Scheduled
2021-06-09 17:24:06,932 [9] ERROR MedicalRepresentativeSchedule.Controllers.RepScheduleController - List is Null
2021-06-09 17:25:29,750 [1] INFO Microsoft.Hosting.Lifetime - Application started. Press Ctrl+C to shut down.
2021-06-09 17:25:29,787 [1] INFO Microsoft.Hosting.Lifetime - Hosting environment: Development
2021-06-09 17:25:29,790 [1] INFO Microsoft.Hosting.Lifetime - Content root path: G:\suyash_docs\CTS_MCA\Internship\MFPE\MedicalRepresentativeSchedule
2021-06-09 17:25:32,913 [4] ERROR MedicalRepresentativeSchedule.Services.ScheduleRepo - No Meetings Scheduled
2021-06-09 17:25:32,914 [4] ERROR MedicalRepresentativeSchedule.Controllers.RepScheduleController - List is Null
2021-06-09 17:26:43,476 [1] INFO Microsoft.Hosting.Lifetime - Application started. Press Ctrl+C to shut down.
2021-06-09 17:26:43,598 [1] INFO Microsoft.Hosting.Lifetime - Hosting environment: Development
2021-06-09 17:26:43,610 [1] INFO Microsoft.Hosting.Lifetime - Content root path: G:\suyash_docs\CTS_MCA\Internship\MFPE\MedicalRepresentativeSchedule
2021-06-09 17:26:43,975 [4] ERROR MedicalRepresentativeSchedule.Services.ScheduleRepo - No Meetings Scheduled
2021-06-09 17:26:43,975 [4] ERROR MedicalRepresentativeSchedule.Controllers.RepScheduleController - List is Null
2021-06-09 17:28:00,906 [1] INFO Microsoft.Hosting.Lifetime - Application started. Press Ctrl+C to shut down.
2021-06-09 17:28:00,946 [1] INFO Microsoft.Hosting.Lifetime - Hosting environment: Development
2021-06-09 17:28:00,950 [1] INFO Microsoft.Hosting.Lifetime - Content root path: G:\suyash_docs\CTS_MCA\Internship\MFPE\MedicalRepresentativeSchedule
2021-06-09 17:28:01,268 [5] ERROR MedicalRepresentativeSchedule.Services.ScheduleRepo - No Meetings Scheduled
2021-06-09 17:28:01,268 [5] ERROR MedicalRepresentativeSchedule.Controllers.RepScheduleController - List is Null
2021-06-09 17:28:08,410 [4] ERROR MedicalRepresentativeSchedule.Controllers.RepScheduleController - Couldn't Convert Date Properly
2021-06-09 17:28:33,819 [7] INFO MedicalRepresentativeSchedule.Services.ScheduleRepo - Data is read from CSV
2021-06-09 17:28:33,828 [7] INFO MedicalRepresentativeSchedule.Services.ScheduleRepo - Data is read from CSV
2021-06-10 10:57:53,488 [1] INFO Microsoft.Hosting.Lifetime - Application started. Press Ctrl+C to shut down.
2021-06-10 10:57:53,740 [1] INFO Microsoft.Hosting.Lifetime - Hosting environment: Development
2021-06-10 10:57:53,841 [1] INFO Microsoft.Hosting.Lifetime - Content root path: G:\suyash_docs\CTS_MCA\Internship\MFPE\MedicalRepresentativeSchedule
2021-06-10 10:57:54,526 [5] INFO MedicalRepresentativeSchedule.Services.ScheduleRepo - Data is read from CSV
2021-06-10 10:57:54,531 [5] INFO MedicalRepresentativeSchedule.Services.ScheduleRepo - Data is read from CSV
