INFO  05:27:31 Application started. Press Ctrl+C to shut down.
INFO  05:27:31 Application started. Press Ctrl+C to shut down.
INFO  05:27:31 Hosting environment: Development
INFO  05:27:31 Hosting environment: Development
INFO  05:27:31 Content root path: G:\suyash_docs\CTS_MCA\Internship\MFPE\AuthorizationAPI
INFO  05:27:31 Content root path: G:\suyash_docs\CTS_MCA\Internship\MFPE\AuthorizationAPI
WARN  05:27:31 Failed to determine the https port for redirect.
WARN  05:27:31 Failed to determine the https port for redirect.
INFO  05:32:18 Login initiated!
INFO  05:32:18 Validating the User!
INFO  05:32:18 Token Is Generated!
INFO  11:50:45 Application started. Press Ctrl+C to shut down.
INFO  11:50:45 Application started. Press Ctrl+C to shut down.
INFO  11:50:45 Hosting environment: Development
INFO  11:50:45 Hosting environment: Development
INFO  11:50:45 Content root path: G:\suyash_docs\CTS_MCA\Internship\MFPE\Project\AuthorizationAPI
INFO  11:50:45 Content root path: G:\suyash_docs\CTS_MCA\Internship\MFPE\Project\AuthorizationAPI
WARN  11:50:45 Failed to determine the https port for redirect.
WARN  11:50:45 Failed to determine the https port for redirect.
INFO  11:51:31 Application started. Press Ctrl+C to shut down.
INFO  11:51:31 Application started. Press Ctrl+C to shut down.
INFO  11:51:31 Hosting environment: Development
INFO  11:51:31 Hosting environment: Development
INFO  11:51:31 Content root path: G:\suyash_docs\CTS_MCA\Internship\MFPE\Project\AuthorizationAPI
INFO  11:51:31 Content root path: G:\suyash_docs\CTS_MCA\Internship\MFPE\Project\AuthorizationAPI
WARN  11:51:31 Failed to determine the https port for redirect.
WARN  11:51:31 Failed to determine the https port for redirect.
INFO  11:52:58 Login initiated!
INFO  11:52:58 Validating the User!
INFO  11:52:58 Token Is Generated!
INFO  01:06:48 Application started. Press Ctrl+C to shut down.
INFO  01:06:48 Application started. Press Ctrl+C to shut down.
INFO  01:06:48 Hosting environment: Development
INFO  01:06:48 Hosting environment: Development
INFO  01:06:48 Content root path: G:\suyash_docs\CTS_MCA\Internship\MFPE\Project\AuthorizationAPI
INFO  01:06:48 Content root path: G:\suyash_docs\CTS_MCA\Internship\MFPE\Project\AuthorizationAPI
WARN  01:06:48 Failed to determine the https port for redirect.
WARN  01:06:48 Failed to determine the https port for redirect.
INFO  01:32:57 Application started. Press Ctrl+C to shut down.
INFO  01:32:57 Application started. Press Ctrl+C to shut down.
INFO  01:32:57 Hosting environment: Development
INFO  01:32:57 Hosting environment: Development
INFO  01:32:57 Content root path: G:\suyash_docs\CTS_MCA\Internship\MFPE\Project\AuthorizationAPI
INFO  01:32:57 Content root path: G:\suyash_docs\CTS_MCA\Internship\MFPE\Project\AuthorizationAPI
WARN  01:32:57 Failed to determine the https port for redirect.
WARN  01:32:57 Failed to determine the https port for redirect.
INFO  01:33:03 Login initiated!
INFO  01:33:03 Validating the User!
INFO  01:33:12 Login initiated!
INFO  01:33:12 Validating the User!
INFO  01:33:36 Login initiated!
INFO  01:33:36 Validating the User!
INFO  01:33:36 Token Is Generated!
INFO  01:33:49 Login initiated!
INFO  01:33:49 Validating the User!
INFO  01:34:04 Login initiated!
INFO  01:34:04 Validating the User!
INFO  01:34:53 Login initiated!
INFO  01:34:53 Validating the User!
INFO  01:36:46 Application started. Press Ctrl+C to shut down.
INFO  01:36:46 Application started. Press Ctrl+C to shut down.
INFO  01:36:46 Hosting environment: Development
INFO  01:36:46 Hosting environment: Development
INFO  01:36:46 Content root path: G:\suyash_docs\CTS_MCA\Internship\MFPE\Project\AuthorizationAPI
INFO  01:36:46 Content root path: G:\suyash_docs\CTS_MCA\Internship\MFPE\Project\AuthorizationAPI
WARN  01:36:47 Failed to determine the https port for redirect.
WARN  01:36:47 Failed to determine the https port for redirect.
INFO  01:37:20 Login initiated!
INFO  01:37:20 Validating the User!
INFO  01:43:17 Application started. Press Ctrl+C to shut down.
INFO  01:43:17 Application started. Press Ctrl+C to shut down.
INFO  01:43:17 Hosting environment: Development
INFO  01:43:17 Hosting environment: Development
INFO  01:43:17 Content root path: G:\suyash_docs\CTS_MCA\Internship\MFPE\Project\AuthorizationAPI
INFO  01:43:17 Content root path: G:\suyash_docs\CTS_MCA\Internship\MFPE\Project\AuthorizationAPI
WARN  01:43:17 Failed to determine the https port for redirect.
WARN  01:43:17 Failed to determine the https port for redirect.
INFO  01:51:18 Application started. Press Ctrl+C to shut down.
INFO  01:51:18 Application started. Press Ctrl+C to shut down.
INFO  01:51:18 Hosting environment: Development
INFO  01:51:18 Hosting environment: Development
INFO  01:51:18 Content root path: G:\suyash_docs\CTS_MCA\Internship\MFPE\Project\AuthorizationAPI
INFO  01:51:18 Content root path: G:\suyash_docs\CTS_MCA\Internship\MFPE\Project\AuthorizationAPI
WARN  01:51:18 Failed to determine the https port for redirect.
WARN  01:51:18 Failed to determine the https port for redirect.
INFO  01:51:50 Login initiated!
INFO  01:51:50 Validating the User!
INFO  01:51:50 Token Is Generated!
INFO  02:00:38 Application started. Press Ctrl+C to shut down.
INFO  02:00:38 Application started. Press Ctrl+C to shut down.
INFO  02:00:38 Hosting environment: Development
INFO  02:00:38 Hosting environment: Development
INFO  02:00:38 Content root path: G:\suyash_docs\CTS_MCA\Internship\MFPE\Project\AuthorizationAPI
INFO  02:00:38 Content root path: G:\suyash_docs\CTS_MCA\Internship\MFPE\Project\AuthorizationAPI
WARN  02:00:38 Failed to determine the https port for redirect.
WARN  02:00:38 Failed to determine the https port for redirect.
INFO  02:04:41 Login initiated!
INFO  02:04:41 Validating the User!
INFO  02:05:11 Login initiated!
INFO  02:05:11 Validating the User!
INFO  02:05:18 Login initiated!
INFO  02:05:18 Validating the User!
INFO  02:05:24 Login initiated!
INFO  02:05:24 Validating the User!
INFO  02:05:41 Login initiated!
INFO  02:05:41 Validating the User!
INFO  02:10:26 Application started. Press Ctrl+C to shut down.
INFO  02:10:26 Application started. Press Ctrl+C to shut down.
INFO  02:10:26 Hosting environment: Development
INFO  02:10:26 Hosting environment: Development
INFO  02:10:26 Content root path: G:\suyash_docs\CTS_MCA\Internship\MFPE\Project\AuthorizationAPI
INFO  02:10:26 Content root path: G:\suyash_docs\CTS_MCA\Internship\MFPE\Project\AuthorizationAPI
WARN  02:10:27 Failed to determine the https port for redirect.
WARN  02:10:27 Failed to determine the https port for redirect.
INFO  02:10:42 Login initiated!
INFO  02:10:42 Validating the User!
INFO  02:10:49 Login initiated!
INFO  02:10:50 Validating the User!
INFO  02:31:13 Application started. Press Ctrl+C to shut down.
INFO  02:31:13 Application started. Press Ctrl+C to shut down.
INFO  02:31:13 Hosting environment: Development
INFO  02:31:13 Hosting environment: Development
INFO  02:31:13 Content root path: G:\suyash_docs\CTS_MCA\Internship\MFPE\Project\AuthorizationAPI
INFO  02:31:13 Content root path: G:\suyash_docs\CTS_MCA\Internship\MFPE\Project\AuthorizationAPI
WARN  02:31:13 Failed to determine the https port for redirect.
WARN  02:31:13 Failed to determine the https port for redirect.
INFO  02:46:36 Application started. Press Ctrl+C to shut down.
INFO  02:46:36 Application started. Press Ctrl+C to shut down.
INFO  02:46:36 Hosting environment: Development
INFO  02:46:36 Hosting environment: Development
INFO  02:46:36 Content root path: G:\suyash_docs\CTS_MCA\Internship\MFPE\Project\AuthorizationAPI
INFO  02:46:36 Content root path: G:\suyash_docs\CTS_MCA\Internship\MFPE\Project\AuthorizationAPI
WARN  02:46:36 Failed to determine the https port for redirect.
WARN  02:46:36 Failed to determine the https port for redirect.
INFO  02:46:37 Login initiated!
INFO  02:46:37 Validating the User!
INFO  02:46:37 Token Is Generated!
INFO  04:21:21 Application started. Press Ctrl+C to shut down.
INFO  04:21:21 Application started. Press Ctrl+C to shut down.
INFO  04:21:21 Hosting environment: Development
INFO  04:21:21 Hosting environment: Development
INFO  04:21:21 Content root path: G:\suyash_docs\CTS_MCA\Internship\MFPE\Project\AuthorizationAPI
INFO  04:21:21 Content root path: G:\suyash_docs\CTS_MCA\Internship\MFPE\Project\AuthorizationAPI
WARN  04:21:21 Failed to determine the https port for redirect.
WARN  04:21:21 Failed to determine the https port for redirect.
INFO  04:21:32 Login initiated!
INFO  04:21:32 Validating the User!
INFO  04:21:32 Token Is Generated!
INFO  04:26:19 Application started. Press Ctrl+C to shut down.
INFO  04:26:19 Application started. Press Ctrl+C to shut down.
INFO  04:26:19 Hosting environment: Development
INFO  04:26:19 Hosting environment: Development
INFO  04:26:19 Content root path: G:\suyash_docs\CTS_MCA\Internship\MFPE\Project\AuthorizationAPI
INFO  04:26:19 Content root path: G:\suyash_docs\CTS_MCA\Internship\MFPE\Project\AuthorizationAPI
WARN  04:26:20 Failed to determine the https port for redirect.
WARN  04:26:20 Failed to determine the https port for redirect.
INFO  04:26:36 Login initiated!
INFO  04:26:36 Validating the User!
INFO  04:26:36 Token Is Generated!
INFO  04:29:28 Application started. Press Ctrl+C to shut down.
INFO  04:29:28 Application started. Press Ctrl+C to shut down.
INFO  04:29:28 Hosting environment: Development
INFO  04:29:28 Hosting environment: Development
INFO  04:29:28 Content root path: G:\suyash_docs\CTS_MCA\Internship\MFPE\Project\AuthorizationAPI
INFO  04:29:28 Content root path: G:\suyash_docs\CTS_MCA\Internship\MFPE\Project\AuthorizationAPI
WARN  04:29:28 Failed to determine the https port for redirect.
WARN  04:29:28 Failed to determine the https port for redirect.
INFO  04:29:40 Login initiated!
INFO  04:29:40 Validating the User!
INFO  04:29:40 Token Is Generated!
INFO  04:31:57 Application started. Press Ctrl+C to shut down.
INFO  04:31:57 Application started. Press Ctrl+C to shut down.
INFO  04:31:57 Hosting environment: Development
INFO  04:31:57 Hosting environment: Development
INFO  04:31:57 Content root path: G:\suyash_docs\CTS_MCA\Internship\MFPE\Project\AuthorizationAPI
INFO  04:31:57 Content root path: G:\suyash_docs\CTS_MCA\Internship\MFPE\Project\AuthorizationAPI
WARN  04:31:57 Failed to determine the https port for redirect.
WARN  04:31:57 Failed to determine the https port for redirect.
INFO  04:32:11 Login initiated!
INFO  04:32:11 Validating the User!
INFO  04:32:11 Token Is Generated!
INFO  04:32:58 Login initiated!
INFO  04:32:58 Validating the User!
INFO  04:32:58 Token Is Generated!
INFO  04:35:13 Application started. Press Ctrl+C to shut down.
INFO  04:35:13 Application started. Press Ctrl+C to shut down.
INFO  04:35:13 Hosting environment: Development
INFO  04:35:13 Hosting environment: Development
INFO  04:35:13 Content root path: G:\suyash_docs\CTS_MCA\Internship\MFPE\Project\AuthorizationAPI
INFO  04:35:13 Content root path: G:\suyash_docs\CTS_MCA\Internship\MFPE\Project\AuthorizationAPI
WARN  04:35:14 Failed to determine the https port for redirect.
WARN  04:35:14 Failed to determine the https port for redirect.
INFO  04:36:12 Login initiated!
INFO  04:36:12 Validating the User!
INFO  04:36:12 Token Is Generated!
INFO  04:46:38 Application started. Press Ctrl+C to shut down.
INFO  04:46:38 Application started. Press Ctrl+C to shut down.
INFO  04:46:38 Hosting environment: Development
INFO  04:46:38 Hosting environment: Development
INFO  04:46:38 Content root path: G:\suyash_docs\CTS_MCA\Internship\MFPE\Project\AuthorizationAPI
INFO  04:46:38 Content root path: G:\suyash_docs\CTS_MCA\Internship\MFPE\Project\AuthorizationAPI
WARN  04:46:38 Failed to determine the https port for redirect.
WARN  04:46:38 Failed to determine the https port for redirect.
INFO  04:47:22 Login initiated!
INFO  04:47:22 Validating the User!
INFO  04:47:22 Token Is Generated!
INFO  04:52:31 Application started. Press Ctrl+C to shut down.
INFO  04:52:31 Application started. Press Ctrl+C to shut down.
INFO  04:52:31 Hosting environment: Development
INFO  04:52:31 Hosting environment: Development
INFO  04:52:31 Content root path: G:\suyash_docs\CTS_MCA\Internship\MFPE\Project\AuthorizationAPI
INFO  04:52:31 Content root path: G:\suyash_docs\CTS_MCA\Internship\MFPE\Project\AuthorizationAPI
WARN  04:52:31 Failed to determine the https port for redirect.
WARN  04:52:31 Failed to determine the https port for redirect.
INFO  04:53:19 Login initiated!
INFO  04:53:19 Validating the User!
INFO  04:53:19 Token Is Generated!
INFO  05:41:18 Application started. Press Ctrl+C to shut down.
INFO  05:41:18 Application started. Press Ctrl+C to shut down.
INFO  05:41:18 Hosting environment: Development
INFO  05:41:18 Hosting environment: Development
INFO  05:41:18 Content root path: G:\suyash_docs\CTS_MCA\Internship\MFPE\Project\AuthorizationAPI
INFO  05:41:18 Content root path: G:\suyash_docs\CTS_MCA\Internship\MFPE\Project\AuthorizationAPI
WARN  05:41:19 Failed to determine the https port for redirect.
WARN  05:41:19 Failed to determine the https port for redirect.
INFO  05:41:56 Login initiated!
INFO  05:41:56 Validating the User!
INFO  05:41:56 Token Is Generated!
INFO  05:48:44 Login initiated!
INFO  05:48:44 Validating the User!
INFO  05:48:44 Token Is Generated!
INFO  05:54:43 Application started. Press Ctrl+C to shut down.
INFO  05:54:43 Application started. Press Ctrl+C to shut down.
INFO  05:54:43 Hosting environment: Development
INFO  05:54:43 Hosting environment: Development
INFO  05:54:43 Content root path: G:\suyash_docs\CTS_MCA\Internship\MFPE\Project\AuthorizationAPI
INFO  05:54:43 Content root path: G:\suyash_docs\CTS_MCA\Internship\MFPE\Project\AuthorizationAPI
WARN  05:54:43 Failed to determine the https port for redirect.
WARN  05:54:43 Failed to determine the https port for redirect.
INFO  05:55:01 Login initiated!
INFO  05:55:01 Validating the User!
INFO  05:55:10 Login initiated!
INFO  05:55:10 Validating the User!
INFO  05:55:23 Login initiated!
INFO  05:55:23 Validating the User!
INFO  05:58:15 Login initiated!
INFO  05:58:15 Validating the User!
INFO  05:58:15 Token Is Generated!
INFO  06:58:01 Application started. Press Ctrl+C to shut down.
INFO  06:58:01 Application started. Press Ctrl+C to shut down.
INFO  06:58:01 Hosting environment: Development
INFO  06:58:01 Hosting environment: Development
INFO  06:58:01 Content root path: G:\suyash_docs\CTS_MCA\Internship\MFPE\Project\AuthorizationAPI
INFO  06:58:01 Content root path: G:\suyash_docs\CTS_MCA\Internship\MFPE\Project\AuthorizationAPI
WARN  06:58:01 Failed to determine the https port for redirect.
WARN  06:58:01 Failed to determine the https port for redirect.
INFO  06:59:10 Login initiated!
INFO  06:59:10 Validating the User!
INFO  06:59:10 Token Is Generated!
INFO  11:04:48 Application started. Press Ctrl+C to shut down.
INFO  11:04:48 Application started. Press Ctrl+C to shut down.
INFO  11:04:48 Hosting environment: Development
INFO  11:04:48 Hosting environment: Development
INFO  11:04:48 Content root path: G:\suyash_docs\CTS_MCA\Internship\MFPE\Project\AuthorizationAPI
INFO  11:04:48 Content root path: G:\suyash_docs\CTS_MCA\Internship\MFPE\Project\AuthorizationAPI
WARN  11:04:49 Failed to determine the https port for redirect.
WARN  11:04:49 Failed to determine the https port for redirect.
INFO  11:05:30 Login initiated!
INFO  11:05:30 Validating the User!
INFO  11:05:30 Token Is Generated!
INFO  11:07:23 Login initiated!
INFO  11:07:23 Validating the User!
INFO  11:07:23 Token Is Generated!
INFO  11:10:31 Login initiated!
INFO  11:10:31 Validating the User!
INFO  11:10:31 Token Is Generated!
INFO  11:11:29 Login initiated!
INFO  11:11:29 Validating the User!
INFO  11:11:29 Token Is Generated!
INFO  11:13:37 Login initiated!
INFO  11:13:37 Validating the User!
INFO  11:13:37 Token Is Generated!
INFO  11:16:11 Application started. Press Ctrl+C to shut down.
INFO  11:16:11 Application started. Press Ctrl+C to shut down.
INFO  11:16:11 Hosting environment: Development
INFO  11:16:11 Hosting environment: Development
INFO  11:16:11 Content root path: G:\suyash_docs\CTS_MCA\Internship\MFPE\Project\AuthorizationAPI
INFO  11:16:11 Content root path: G:\suyash_docs\CTS_MCA\Internship\MFPE\Project\AuthorizationAPI
WARN  11:16:11 Failed to determine the https port for redirect.
WARN  11:16:11 Failed to determine the https port for redirect.
INFO  11:16:22 Login initiated!
INFO  11:16:22 Validating the User!
INFO  11:16:22 Token Is Generated!
INFO  12:21:04 Application started. Press Ctrl+C to shut down.
INFO  12:21:04 Application started. Press Ctrl+C to shut down.
INFO  12:21:04 Hosting environment: Development
INFO  12:21:04 Hosting environment: Development
INFO  12:21:05 Content root path: G:\suyash_docs\CTS_MCA\Internship\MFPE\Project\AuthorizationAPI
INFO  12:21:05 Content root path: G:\suyash_docs\CTS_MCA\Internship\MFPE\Project\AuthorizationAPI
WARN  12:21:06 Failed to determine the https port for redirect.
WARN  12:21:06 Failed to determine the https port for redirect.
INFO  12:25:10 Login initiated!
INFO  12:25:10 Validating the User!
INFO  12:25:10 Token Is Generated!
INFO  12:36:08 Application started. Press Ctrl+C to shut down.
INFO  12:36:08 Application started. Press Ctrl+C to shut down.
INFO  12:36:08 Hosting environment: Development
INFO  12:36:08 Hosting environment: Development
INFO  12:36:09 Content root path: G:\suyash_docs\CTS_MCA\Internship\MFPE\Project\AuthorizationAPI
INFO  12:36:09 Content root path: G:\suyash_docs\CTS_MCA\Internship\MFPE\Project\AuthorizationAPI
WARN  12:36:09 Failed to determine the https port for redirect.
WARN  12:36:09 Failed to determine the https port for redirect.
INFO  12:39:24 Login initiated!
INFO  12:39:24 Validating the User!
INFO  12:39:24 Token Is Generated!
INFO  12:46:26 Application started. Press Ctrl+C to shut down.
INFO  12:46:26 Application started. Press Ctrl+C to shut down.
INFO  12:46:26 Hosting environment: Development
INFO  12:46:26 Hosting environment: Development
INFO  12:46:26 Content root path: G:\suyash_docs\CTS_MCA\Internship\MFPE\Project\AuthorizationAPI
INFO  12:46:26 Content root path: G:\suyash_docs\CTS_MCA\Internship\MFPE\Project\AuthorizationAPI
WARN  12:46:26 Failed to determine the https port for redirect.
WARN  12:46:26 Failed to determine the https port for redirect.
INFO  12:48:40 Login initiated!
INFO  12:48:40 Validating the User!
INFO  12:48:40 Token Is Generated!
INFO  02:33:08 Application started. Press Ctrl+C to shut down.
INFO  02:33:08 Application started. Press Ctrl+C to shut down.
INFO  02:33:08 Hosting environment: Development
INFO  02:33:08 Hosting environment: Development
INFO  02:33:08 Content root path: G:\suyash_docs\CTS_MCA\Internship\MFPE\Project\AuthorizationAPI
INFO  02:33:08 Content root path: G:\suyash_docs\CTS_MCA\Internship\MFPE\Project\AuthorizationAPI
WARN  02:33:08 Failed to determine the https port for redirect.
WARN  02:33:08 Failed to determine the https port for redirect.
INFO  02:35:06 Login initiated!
INFO  02:35:06 Validating the User!
INFO  02:35:06 Token Is Generated!
INFO  02:36:41 Login initiated!
INFO  02:36:41 Validating the User!
INFO  02:36:41 Token Is Generated!
INFO  02:46:12 Application started. Press Ctrl+C to shut down.
INFO  02:46:13 Application started. Press Ctrl+C to shut down.
INFO  02:46:14 Hosting environment: Development
INFO  02:46:14 Hosting environment: Development
INFO  02:46:15 Content root path: G:\suyash_docs\CTS_MCA\Internship\MFPE\Project\AuthorizationAPI
INFO  02:46:15 Content root path: G:\suyash_docs\CTS_MCA\Internship\MFPE\Project\AuthorizationAPI
WARN  02:46:17 Failed to determine the https port for redirect.
WARN  02:46:17 Failed to determine the https port for redirect.
INFO  02:47:11 Login initiated!
INFO  02:47:11 Validating the User!
INFO  02:47:11 Token Is Generated!
INFO  02:51:07 Application started. Press Ctrl+C to shut down.
INFO  02:51:07 Application started. Press Ctrl+C to shut down.
INFO  02:51:08 Hosting environment: Development
INFO  02:51:08 Hosting environment: Development
INFO  02:51:08 Content root path: G:\suyash_docs\CTS_MCA\Internship\MFPE\Project\AuthorizationAPI
INFO  02:51:08 Content root path: G:\suyash_docs\CTS_MCA\Internship\MFPE\Project\AuthorizationAPI
WARN  02:51:08 Failed to determine the https port for redirect.
WARN  02:51:08 Failed to determine the https port for redirect.
INFO  02:54:29 Login initiated!
INFO  02:54:29 Validating the User!
INFO  02:54:29 Token Is Generated!
INFO  03:13:53 Login initiated!
INFO  03:13:53 Validating the User!
INFO  03:13:53 Token Is Generated!
INFO  06:14:35 Application started. Press Ctrl+C to shut down.
INFO  06:14:35 Application started. Press Ctrl+C to shut down.
INFO  06:14:36 Hosting environment: Development
INFO  06:14:36 Hosting environment: Development
INFO  06:14:37 Content root path: G:\suyash_docs\CTS_MCA\Internship\MFPE\Project\AuthorizationAPI
INFO  06:14:37 Content root path: G:\suyash_docs\CTS_MCA\Internship\MFPE\Project\AuthorizationAPI
WARN  06:14:38 Failed to determine the https port for redirect.
WARN  06:14:38 Failed to determine the https port for redirect.
INFO  06:18:45 Login initiated!
INFO  06:18:45 Validating the User!
INFO  06:18:45 Token Is Generated!
INFO  06:21:00 Login initiated!
INFO  06:21:00 Validating the User!
INFO  06:21:00 Token Is Generated!
INFO  06:48:33 Application started. Press Ctrl+C to shut down.
INFO  06:48:33 Application started. Press Ctrl+C to shut down.
INFO  06:48:33 Hosting environment: Development
INFO  06:48:33 Hosting environment: Development
INFO  06:48:33 Content root path: G:\suyash_docs\CTS_MCA\Internship\MFPE\Project\AuthorizationAPI
INFO  06:48:33 Content root path: G:\suyash_docs\CTS_MCA\Internship\MFPE\Project\AuthorizationAPI
WARN  06:48:33 Failed to determine the https port for redirect.
WARN  06:48:33 Failed to determine the https port for redirect.
INFO  06:53:25 Login initiated!
INFO  06:53:25 Validating the User!
INFO  06:53:25 Token Is Generated!
INFO  06:55:21 Login initiated!
INFO  06:55:21 Validating the User!
INFO  06:55:22 Login initiated!
INFO  06:55:22 Validating the User!
INFO  06:55:23 Login initiated!
INFO  06:55:23 Validating the User!
INFO  06:55:27 Login initiated!
INFO  06:55:27 Validating the User!
INFO  06:58:37 Login initiated!
INFO  06:58:37 Validating the User!
INFO  06:58:49 Login initiated!
INFO  06:58:49 Validating the User!
INFO  06:59:04 Login initiated!
INFO  06:59:04 Validating the User!
INFO  06:59:04 Token Is Generated!
INFO  07:02:11 Login initiated!
INFO  07:02:11 Validating the User!
INFO  07:02:11 Token Is Generated!
INFO  07:02:19 Login initiated!
INFO  07:02:19 Validating the User!
INFO  07:35:51 Application started. Press Ctrl+C to shut down.
INFO  07:35:51 Application started. Press Ctrl+C to shut down.
INFO  07:35:51 Hosting environment: Development
INFO  07:35:51 Hosting environment: Development
INFO  07:35:51 Content root path: G:\suyash_docs\CTS_MCA\Internship\MFPE\Project\AuthorizationAPI
INFO  07:35:51 Content root path: G:\suyash_docs\CTS_MCA\Internship\MFPE\Project\AuthorizationAPI
WARN  07:35:51 Failed to determine the https port for redirect.
WARN  07:35:51 Failed to determine the https port for redirect.
INFO  07:38:29 Login initiated!
INFO  07:38:29 Validating the User!
INFO  07:38:29 Token Is Generated!
INFO  07:43:43 Login initiated!
INFO  07:43:43 Validating the User!
INFO  07:43:43 Token Is Generated!
INFO  07:45:14 Login initiated!
INFO  07:45:14 Validating the User!
INFO  07:45:14 Token Is Generated!
INFO  07:47:38 Login initiated!
INFO  07:47:38 Validating the User!
INFO  07:47:38 Token Is Generated!
INFO  07:50:09 Login initiated!
INFO  07:50:09 Validating the User!
INFO  07:50:09 Token Is Generated!
INFO  10:16:55 Application started. Press Ctrl+C to shut down.
INFO  10:16:55 Application started. Press Ctrl+C to shut down.
INFO  10:16:56 Hosting environment: Development
INFO  10:16:56 Hosting environment: Development
INFO  10:16:56 Content root path: G:\suyash_docs\CTS_MCA\Internship\MFPE\Project\AuthorizationAPI
INFO  10:16:58 Content root path: G:\suyash_docs\CTS_MCA\Internship\MFPE\Project\AuthorizationAPI
WARN  10:16:59 Failed to determine the https port for redirect.
WARN  10:16:59 Failed to determine the https port for redirect.
INFO  10:20:50 Login initiated!
INFO  10:20:50 Validating the User!
INFO  10:20:50 Token Is Generated!
INFO  10:23:07 Login initiated!
INFO  10:23:07 Validating the User!
INFO  10:23:07 Token Is Generated!
INFO  10:26:43 Login initiated!
INFO  10:26:43 Validating the User!
INFO  10:26:43 Token Is Generated!
INFO  10:29:16 Login initiated!
INFO  10:29:16 Validating the User!
INFO  10:29:16 Token Is Generated!
INFO  10:31:56 Login initiated!
INFO  10:31:56 Validating the User!
INFO  10:31:56 Token Is Generated!
INFO  10:35:24 Login initiated!
INFO  10:35:24 Validating the User!
INFO  10:35:24 Token Is Generated!
INFO  04:38:08 Application started. Press Ctrl+C to shut down.
INFO  04:38:08 Application started. Press Ctrl+C to shut down.
INFO  04:38:08 Hosting environment: Development
INFO  04:38:08 Hosting environment: Development
INFO  04:38:08 Content root path: G:\suyash_docs\CTS_MCA\Internship\MFPE\Project\AuthorizationAPI
INFO  04:38:08 Content root path: G:\suyash_docs\CTS_MCA\Internship\MFPE\Project\AuthorizationAPI
WARN  04:38:08 Failed to determine the https port for redirect.
WARN  04:38:08 Failed to determine the https port for redirect.
INFO  04:38:28 Login initiated!
INFO  04:38:28 Validating the User!
INFO  04:38:28 Token Is Generated!
